\BOOKMARK [1][-]{section.1}{\376\377\000D\000e\000s\000i\000g\000n\000\040\000S\000t\000r\000a\000t\000e\000g\000y}{}% 1
\BOOKMARK [1][-]{section.2}{\376\377\000Q\000u\000a\000l\000i\000t\000y\000\040\000R\000e\000q\000u\000i\000r\000e\000m\000e\000n\000t\000s}{}% 2
\BOOKMARK [2][-]{subsection.2.1}{\376\377\000P\000e\000r\000f\000o\000r\000m\000a\000n\000c\000e}{section.2}% 3
\BOOKMARK [2][-]{subsection.2.2}{\376\377\000S\000e\000c\000u\000r\000i\000t\000y}{section.2}% 4
\BOOKMARK [2][-]{subsection.2.3}{\376\377\000C\000u\000s\000t\000o\000m\000i\000z\000a\000b\000i\000l\000i\000t\000y}{section.2}% 5
\BOOKMARK [2][-]{subsection.2.4}{\376\377\000U\000s\000a\000b\000i\000l\000i\000t\000y}{section.2}% 6
\BOOKMARK [2][-]{subsection.2.5}{\376\377\000C\000o\000m\000p\000a\000t\000i\000b\000i\000l\000i\000t\000y}{section.2}% 7
\BOOKMARK [1][-]{section.3}{\376\377\000A\000r\000c\000h\000i\000t\000e\000c\000t\000u\000r\000a\000l\000\040\000D\000e\000s\000i\000g\000n\000\040\000\046\000\040\000P\000a\000t\000t\000e\000r\000n\000s}{}% 8
\BOOKMARK [2][-]{subsection.3.1}{\376\377\000M\000o\000d\000e\000l\000-\000V\000i\000e\000w\000-\000C\000o\000n\000t\000r\000o\000l\000l\000e\000r\000\040\000\050\000M\000V\000C\000\051}{section.3}% 9
\BOOKMARK [2][-]{subsection.3.2}{\376\377\000P\000u\000b\000l\000i\000s\000h\000-\000S\000u\000b\000s\000c\000r\000i\000b\000e}{section.3}% 10
\BOOKMARK [2][-]{subsection.3.3}{\376\377\000S\000e\000r\000v\000i\000c\000e\000-\000O\000r\000i\000e\000n\000t\000e\000d}{section.3}% 11
\BOOKMARK [1][-]{section.4}{\376\377\000C\000o\000n\000s\000t\000r\000a\000i\000n\000t\000s}{}% 12
\BOOKMARK [1][-]{section.5}{\376\377\000T\000e\000c\000h\000n\000o\000l\000o\000g\000y\000\040\000C\000h\000o\000i\000c\000e\000s}{}% 13
\BOOKMARK [2][-]{subsection.5.1}{\376\377\000S\000v\000e\000l\000t\000e}{section.5}% 14
\BOOKMARK [2][-]{subsection.5.2}{\376\377\000T\000a\000i\000l\000w\000i\000n\000d\000\040\000C\000S\000S}{section.5}% 15
\BOOKMARK [2][-]{subsection.5.3}{\376\377\000E\000l\000e\000c\000t\000r\000o\000n}{section.5}% 16
\BOOKMARK [2][-]{subsection.5.4}{\376\377\000F\000i\000r\000e\000b\000a\000s\000e}{section.5}% 17
\BOOKMARK [2][-]{subsection.5.5}{\376\377\000L\000a\000n\000g\000C\000h\000a\000i\000n}{section.5}% 18
\BOOKMARK [2][-]{subsection.5.6}{\376\377\000P\000i\000n\000e\000C\000o\000n\000e}{section.5}% 19
\BOOKMARK [2][-]{subsection.5.7}{\376\377\000t\000y\000p\000e\000s\000c\000r\000i\000p\000t}{section.5}% 20
\BOOKMARK [2][-]{subsection.5.8}{\376\377\000N\000o\000d\000e\000j\000s}{section.5}% 21
\BOOKMARK [2][-]{subsection.5.9}{\376\377\000P\000y\000t\000h\000o\000n}{section.5}% 22
\BOOKMARK [2][-]{subsection.5.10}{\376\377\000A\000I\000\040\000M\000o\000d\000e\000l\000s}{section.5}% 23
\BOOKMARK [2][-]{subsection.5.11}{\376\377\000G\000P\000T\000-\0003\000.\0005\000\040\000T\000u\000r\000b\000o}{section.5}% 24
